2026-05-15T15:01:30.961+03:00  INFO 23012 --- [api-gateway] [main] [                                                 ] c.e.a.ApiGatewayApplicationTests         : Starting ApiGatewayApplicationTests using Java 21.0.7 with PID 23012 (started by Anelis in C:\Users\Aneliss\Desktop\kinetocare\backend\api-gateway)
2026-05-15T15:01:30.976+03:00 DEBUG 23012 --- [api-gateway] [main] [                                                 ] c.e.a.ApiGatewayApplicationTests         : Running with Spring Boot v3.5.7, Spring v6.2.12
2026-05-15T15:01:30.979+03:00  INFO 23012 --- [api-gateway] [main] [                                                 ] c.e.a.ApiGatewayApplicationTests         : No active profile set, falling back to 1 default profile: "default"
2026-05-15T15:01:35.011+03:00  INFO 23012 --- [api-gateway] [main] [                                                 ] o.s.cloud.context.scope.GenericScope     : BeanFactory id=92706f96-f091-3abb-a7c2-1853b3b1443e
2026-05-15T15:01:37.629+03:00  INFO 23012 --- [api-gateway] [main] [                                                 ] o.s.c.g.r.RouteDefinitionRouteLocator    : Loaded RoutePredicateFactory [After]
2026-05-15T15:01:37.630+03:00  INFO 23012 --- [api-gateway] [main] [                                                 ] o.s.c.g.r.RouteDefinitionRouteLocator    : Loaded RoutePredicateFactory [Before]
2026-05-15T15:01:37.630+03:00  INFO 23012 --- [api-gateway] [main] [                                                 ] o.s.c.g.r.RouteDefinitionRouteLocator    : Loaded RoutePredicateFactory [Between]
2026-05-15T15:01:37.631+03:00  INFO 23012 --- [api-gateway] [main] [                                                 ] o.s.c.g.r.RouteDefinitionRouteLocator    : Loaded RoutePredicateFactory [Cookie]
2026-05-15T15:01:37.631+03:00  INFO 23012 --- [api-gateway] [main] [                                                 ] o.s.c.g.r.RouteDefinitionRouteLocator    : Loaded RoutePredicateFactory [Header]
2026-05-15T15:01:37.632+03:00  INFO 23012 --- [api-gateway] [main] [                                                 ] o.s.c.g.r.RouteDefinitionRouteLocator    : Loaded RoutePredicateFactory [Host]
2026-05-15T15:01:37.632+03:00  INFO 23012 --- [api-gateway] [main] [                                                 ] o.s.c.g.r.RouteDefinitionRouteLocator    : Loaded RoutePredicateFactory [Method]
2026-05-15T15:01:37.633+03:00  INFO 23012 --- [api-gateway] [main] [                                                 ] o.s.c.g.r.RouteDefinitionRouteLocator    : Loaded RoutePredicateFactory [Path]
2026-05-15T15:01:37.633+03:00  INFO 23012 --- [api-gateway] [main] [                                                 ] o.s.c.g.r.RouteDefinitionRouteLocator    : Loaded RoutePredicateFactory [Query]
2026-05-15T15:01:37.633+03:00  INFO 23012 --- [api-gateway] [main] [                                                 ] o.s.c.g.r.RouteDefinitionRouteLocator    : Loaded RoutePredicateFactory [ReadBody]
2026-05-15T15:01:37.633+03:00  INFO 23012 --- [api-gateway] [main] [                                                 ] o.s.c.g.r.RouteDefinitionRouteLocator    : Loaded RoutePredicateFactory [RemoteAddr]
2026-05-15T15:01:37.633+03:00  INFO 23012 --- [api-gateway] [main] [                                                 ] o.s.c.g.r.RouteDefinitionRouteLocator    : Loaded RoutePredicateFactory [XForwardedRemoteAddr]
2026-05-15T15:01:37.634+03:00  INFO 23012 --- [api-gateway] [main] [                                                 ] o.s.c.g.r.RouteDefinitionRouteLocator    : Loaded RoutePredicateFactory [Weight]
2026-05-15T15:01:37.634+03:00  INFO 23012 --- [api-gateway] [main] [                                                 ] o.s.c.g.r.RouteDefinitionRouteLocator    : Loaded RoutePredicateFactory [CloudFoundryRouteService]
2026-05-15T15:01:37.925+03:00  INFO 23012 --- [api-gateway] [main] [                                                 ] o.s.b.a.e.web.EndpointLinksResolver      : Exposing 1 endpoint beneath base path '/actuator'
2026-05-15T15:01:38.890+03:00  INFO 23012 --- [api-gateway] [main] [                                                 ] c.e.a.ApiGatewayApplicationTests         : Started ApiGatewayApplicationTests in 9.647 seconds (process running for 12.987)
2026-05-15T15:05:28.546+03:00  INFO 18468 --- [api-gateway] [main] [                                                 ] c.e.a.ApiGatewayApplicationTests         : Starting ApiGatewayApplicationTests using Java 21.0.7 with PID 18468 (started by Anelis in C:\Users\Aneliss\Desktop\kinetocare\backend\api-gateway)
2026-05-15T15:05:28.550+03:00 DEBUG 18468 --- [api-gateway] [main] [                                                 ] c.e.a.ApiGatewayApplicationTests         : Running with Spring Boot v3.5.7, Spring v6.2.12
2026-05-15T15:05:28.552+03:00  INFO 18468 --- [api-gateway] [main] [                                                 ] c.e.a.ApiGatewayApplicationTests         : No active profile set, falling back to 1 default profile: "default"
2026-05-15T15:05:32.045+03:00  INFO 18468 --- [api-gateway] [main] [                                                 ] o.s.cloud.context.scope.GenericScope     : BeanFactory id=92706f96-f091-3abb-a7c2-1853b3b1443e
2026-05-15T15:05:35.454+03:00  INFO 18468 --- [api-gateway] [main] [                                                 ] o.s.c.g.r.RouteDefinitionRouteLocator    : Loaded RoutePredicateFactory [After]
2026-05-15T15:05:35.454+03:00  INFO 18468 --- [api-gateway] [main] [                                                 ] o.s.c.g.r.RouteDefinitionRouteLocator    : Loaded RoutePredicateFactory [Before]
2026-05-15T15:05:35.454+03:00  INFO 18468 --- [api-gateway] [main] [                                                 ] o.s.c.g.r.RouteDefinitionRouteLocator    : Loaded RoutePredicateFactory [Between]
2026-05-15T15:05:35.454+03:00  INFO 18468 --- [api-gateway] [main] [                                                 ] o.s.c.g.r.RouteDefinitionRouteLocator    : Loaded RoutePredicateFactory [Cookie]
2026-05-15T15:05:35.455+03:00  INFO 18468 --- [api-gateway] [main] [                                                 ] o.s.c.g.r.RouteDefinitionRouteLocator    : Loaded RoutePredicateFactory [Header]
2026-05-15T15:05:35.455+03:00  INFO 18468 --- [api-gateway] [main] [                                                 ] o.s.c.g.r.RouteDefinitionRouteLocator    : Loaded RoutePredicateFactory [Host]
2026-05-15T15:05:35.455+03:00  INFO 18468 --- [api-gateway] [main] [                                                 ] o.s.c.g.r.RouteDefinitionRouteLocator    : Loaded RoutePredicateFactory [Method]
2026-05-15T15:05:35.456+03:00  INFO 18468 --- [api-gateway] [main] [                                                 ] o.s.c.g.r.RouteDefinitionRouteLocator    : Loaded RoutePredicateFactory [Path]
2026-05-15T15:05:35.456+03:00  INFO 18468 --- [api-gateway] [main] [                                                 ] o.s.c.g.r.RouteDefinitionRouteLocator    : Loaded RoutePredicateFactory [Query]
2026-05-15T15:05:35.456+03:00  INFO 18468 --- [api-gateway] [main] [                                                 ] o.s.c.g.r.RouteDefinitionRouteLocator    : Loaded RoutePredicateFactory [ReadBody]
2026-05-15T15:05:35.456+03:00  INFO 18468 --- [api-gateway] [main] [                                                 ] o.s.c.g.r.RouteDefinitionRouteLocator    : Loaded RoutePredicateFactory [RemoteAddr]
2026-05-15T15:05:35.456+03:00  INFO 18468 --- [api-gateway] [main] [                                                 ] o.s.c.g.r.RouteDefinitionRouteLocator    : Loaded RoutePredicateFactory [XForwardedRemoteAddr]
2026-05-15T15:05:35.456+03:00  INFO 18468 --- [api-gateway] [main] [                                                 ] o.s.c.g.r.RouteDefinitionRouteLocator    : Loaded RoutePredicateFactory [Weight]
2026-05-15T15:05:35.457+03:00  INFO 18468 --- [api-gateway] [main] [                                                 ] o.s.c.g.r.RouteDefinitionRouteLocator    : Loaded RoutePredicateFactory [CloudFoundryRouteService]
2026-05-15T15:05:35.741+03:00  INFO 18468 --- [api-gateway] [main] [                                                 ] o.s.b.a.e.web.EndpointLinksResolver      : Exposing 1 endpoint beneath base path '/actuator'
2026-05-15T15:05:36.722+03:00  INFO 18468 --- [api-gateway] [main] [                                                 ] c.e.a.ApiGatewayApplicationTests         : Started ApiGatewayApplicationTests in 9.073 seconds (process running for 10.792)
